âœ“ Initialized. View run at 
https://modal.com/apps/ybpang-1/main/ap-8qnz7jZQmjPCuyzPzFkxVG
âœ“ Created objects.
â”œâ”€â”€ ğŸ”¨ Created mount 
â”‚   /Users/aaronpang/PycharmProjects/mabe_mouse_behavior/modal_train_advanced.py
â”œâ”€â”€ ğŸ”¨ Created function download_checkpoint.
â””â”€â”€ ğŸ”¨ Created function train_advanced_model.
============================================================
MABe Advanced Training on Modal
============================================================
Config: config_advanced.yaml
Loading config from /vol/code/configs/config_advanced.yaml...
Device: cuda
Model: conv_bilstm
Feature Engineering: True

Loading data...
Fitting PCA on training data...
PCA explained variance ratio: 0.599
âœ“ Training samples: 245
âœ“ Validation samples: 15
âœ“ Input dimension: 131

Building model...
âœ“ Model: conv_bilstm
âœ“ Total parameters: 11,471,876
Traceback (most recent call last):
  File "/pkg/modal/_runtime/container_io_manager.py", line 778, in handle_input_exception
    yield
  File "/pkg/modal/_container_entrypoint.py", line 243, in run_input_sync
    res = io_context.call_finalized_function()
          ^^^^^^^^^^^^^^^^^^^^^^^^^^^^^^^^^^^^
  File "/pkg/modal/_runtime/container_io_manager.py", line 197, in call_finalized_function
    res = self.finalized_function.callable(*args, **kwargs)
          ^^^^^^^^^^^^^^^^^^^^^^^^^^^^^^^^^^^^^^^^^^^^^^^^^
  File "/root/modal_train_advanced.py", line 98, in train_advanced_model
    trainer = AdvancedTrainer(
              ^^^^^^^^^^^^^^^^
  File "/vol/code/src/utils/advanced_trainer.py", line 97, in __init__
    self.scheduler = self._build_scheduler()
                     ^^^^^^^^^^^^^^^^^^^^^^^
  File "/vol/code/src/utils/advanced_trainer.py", line 165, in _build_scheduler
    scheduler = ReduceLROnPlateau(
                ^^^^^^^^^^^^^^^^^^
TypeError: ReduceLROnPlateau.__init__() got an unexpected keyword argument 'verbose'
Stopping app - uncaught exception raised locally: TypeError("ReduceLROnPlateau.__init__() got an unexpected keyword argument 'verbose'").
â•­â”€â”€â”€â”€â”€â”€â”€â”€â”€â”€â”€â”€â”€â”€â”€â”€â”€â”€â”€â”€â”€ Traceback (most recent call last) â”€â”€â”€â”€â”€â”€â”€â”€â”€â”€â”€â”€â”€â”€â”€â”€â”€â”€â”€â”€â”€â”€â•®
â”‚ /Users/aaronpang/PycharmProjects/mabe_mouse_behavior/modal_train_advanced.py â”‚
â”‚ :173 in main                                                                 â”‚
â”‚                                                                              â”‚
â”‚   172 â”‚   # Train model                                                      â”‚
â”‚ â± 173 â”‚   result = train_advanced_model.remote(config_name=config)           â”‚
â”‚   174                                                                        â”‚
â”‚                                                                              â”‚
â”‚ /opt/anaconda3/lib/python3.11/site-packages/modal/_object.py:304 in wrapped  â”‚
â”‚                                                                              â”‚
â”‚   303 â”‚   â”‚   await self.hydrate()                                           â”‚
â”‚ â± 304 â”‚   â”‚   return await method(self, *args, **kwargs)                     â”‚
â”‚   305                                                                        â”‚
â”‚                                                                              â”‚
â”‚ /opt/anaconda3/lib/python3.11/site-packages/modal/_functions.py:1722 in      â”‚
â”‚ remote                                                                       â”‚
â”‚                                                                              â”‚
â”‚   1721 â”‚   â”‚                                                                 â”‚
â”‚ â± 1722 â”‚   â”‚   return await self._call_function(args, kwargs)                â”‚
â”‚   1723                                                                       â”‚
â”‚                                                                              â”‚
â”‚ /opt/anaconda3/lib/python3.11/site-packages/modal/_functions.py:1666 in      â”‚
â”‚ _call_function                                                               â”‚
â”‚                                                                              â”‚
â”‚   1665 â”‚   â”‚                                                                 â”‚
â”‚ â± 1666 â”‚   â”‚   return await invocation.run_function()                        â”‚
â”‚   1667                                                                       â”‚
â”‚                                                                              â”‚
â”‚ /opt/anaconda3/lib/python3.11/site-packages/modal/_functions.py:300 in       â”‚
â”‚ run_function                                                                 â”‚
â”‚                                                                              â”‚
â”‚    299 â”‚   â”‚   â”‚   item = await self._get_single_output()                    â”‚
â”‚ â±  300 â”‚   â”‚   â”‚   return await _process_result(item.result, item.data_forma â”‚
â”‚    301                                                                       â”‚
â”‚                                                                              â”‚
â”‚ /opt/anaconda3/lib/python3.11/site-packages/modal/_utils/function_utils.py:5 â”‚
â”‚ 18 in _process_result                                                        â”‚
â”‚                                                                              â”‚
â”‚   517 â”‚   â”‚   â”‚                                                              â”‚
â”‚ â± 518 â”‚   â”‚   â”‚   raise exc_with_hints(exc)                                  â”‚
â”‚   519                                                                        â”‚
â”‚                                                                              â”‚
â”‚     ...Remote call to Modal Function (ta-01K6DYRGTZYJBW0DF4FB9JBR70)...      â”‚
â”‚                                                                              â”‚
â”‚ /root/modal_train_advanced.py:98 in train_advanced_model                     â”‚
â”‚                                                                              â”‚
â”‚ â± 98 trainer = AdvancedTrainer(                                              â”‚
â”‚                                                                              â”‚
â”‚                                                                              â”‚
â”‚ /vol/code/src/utils/advanced_trainer.py:97 in __init__                       â”‚
â”‚                                                                              â”‚
â”‚ â± 97 self.scheduler = self._build_scheduler()                                â”‚
â”‚                                                                              â”‚
â”‚                                                                              â”‚
â”‚ /vol/code/src/utils/advanced_trainer.py:165 in _build_scheduler              â”‚
â”‚                                                                              â”‚
â”‚ â± 165 scheduler = ReduceLROnPlateau(                                         â”‚
â”‚                                                                              â”‚
â•°â”€â”€â”€â”€â”€â”€â”€â”€â”€â”€â”€â”€â”€â”€â”€â”€â”€â”€â”€â”€â”€â”€â”€â”€â”€â”€â”€â”€â”€â”€â”€â”€â”€â”€â”€â”€â”€â”€â”€â”€â”€â”€â”€â”€â”€â”€â”€â”€â”€â”€â”€â”€â”€â”€â”€â”€â”€â”€â”€â”€â”€â”€â”€â”€â”€â”€â”€â”€â”€â”€â”€â”€â”€â”€â”€â”€â”€â”€â•¯
TypeError: ReduceLROnPlateau.__init__() got an unexpected keyword argument 
'verbose'
